#
# There is insufficient memory for the Java Runtime Environment to continue.
# Native memory allocation (mmap) failed to map 189792256 bytes for committing reserved memory.
# Possible reasons:
#   The system is out of physical RAM or swap space
#   The process is running with CompressedOops enabled, and the Java Heap may be blocking the growth of the native heap
# Possible solutions:
#   Reduce memory load on the system
#   Increase physical memory or swap space
#   Check if swap backing store is full
#   Decrease Java heap size (-Xmx/-Xms)
#   Decrease number of Java threads
#   Decrease Java thread stack sizes (-Xss)
#   Set larger code cache with -XX:ReservedCodeCacheSize=
#   JVM is running with Unscaled Compressed Oops mode in which the Java heap is
#     placed in the first 4GB address space. The Java Heap base address is the
#     maximum limit for the native heap growth. Please use -XX:HeapBaseMinAddress
#     to set the Java Heap base and to place the Java Heap above 4GB virtual address.
# This output file may be truncated or incomplete.
#
#  Out of Memory Error (os_linux.cpp:2719), pid=2346, tid=2367
#
# JRE version: OpenJDK Runtime Environment (11.0.3+7) (build 11.0.3+7-Ubuntu-1ubuntu218.04.1)
# Java VM: OpenJDK 64-Bit Server VM (11.0.3+7-Ubuntu-1ubuntu218.04.1, mixed mode, sharing, tiered, compressed oops, g1 gc, linux-amd64)
# Core dump will be written. Default location: Core dumps may be processed with "/usr/share/apport/apport %p %s %c %d %P" (or dumping to /home/rajan/Downloads/Infibeam/core.2346)
#

---------------  S U M M A R Y ------------

Command Line: -Dcom.sun.management.jmxremote -Dcom.sun.management.jmxremote.port=45449 -Dcom.sun.management.jmxremote.authenticate=false -Dcom.sun.management.jmxremote.ssl=false -Djava.rmi.server.hostname=localhost -Dspring.liveBeansView.mbeanDomain -Dspring.application.admin.enabled=true -Djava.security.egd=file:/dev/./urandom -Xverify:none -XX:TieredStopAtLevel=1 -Dfile.encoding=UTF-8 com.application.Infibeam.InfibeamApplication

Host: Intel(R) Core(TM) i3-6098P CPU @ 3.60GHz, 4 cores, 7G, Ubuntu 18.04.2 LTS
Time: Mon May 27 15:25:02 2019 IST elapsed time: 17049 seconds (0d 4h 44m 9s)

---------------  T H R E A D  ---------------

Current thread (0x00007f6780107000):  VMThread "VM Thread" [stack: 0x00007f675c12e000,0x00007f675c22e000] [id=2367]

Stack: [0x00007f675c12e000,0x00007f675c22e000],  sp=0x00007f675c22bff0,  free space=1015k
Native frames: (J=compiled Java code, A=aot compiled Java code, j=interpreted, Vv=VM code, C=native code)
V  [libjvm.so+0xde1587]
V  [libjvm.so+0xde21db]
V  [libjvm.so+0x650895]
V  [libjvm.so+0xbbc6c8]
V  [libjvm.so+0xbb3f2d]
V  [libjvm.so+0x76ea7f]
V  [libjvm.so+0x76ecee]
V  [libjvm.so+0x77ad60]
V  [libjvm.so+0x7f5e29]
V  [libjvm.so+0x7f6a82]
V  [libjvm.so+0x7f6ee9]
V  [libjvm.so+0x72d3af]
V  [libjvm.so+0x7320aa]
V  [libjvm.so+0xded011]
V  [libjvm.so+0xdebbd8]
V  [libjvm.so+0xde9466]
V  [libjvm.so+0xde992e]
V  [libjvm.so+0xde9d53]
V  [libjvm.so+0xd7805a]
V  [libjvm.so+0xbc238e]

VM_Operation (0x00007f66eacf8fe0): G1CollectForAllocation, mode: safepoint, requested by thread 0x00007f66f40f3000


---------------  P R O C E S S  ---------------

Threads class SMR info:
_java_thread_list=0x00007f66f4030560, length=49, elements={
0x00007f678010a000, 0x00007f678010c000, 0x00007f6780111800, 0x00007f6780113800,
0x00007f6780115800, 0x00007f6780123800, 0x00007f6780152000, 0x00007f678045c000,
0x00007f6780462800, 0x00007f678047b000, 0x00007f67087cc800, 0x00007f6708cd9800,
0x00007f6780013800, 0x00007f670905a000, 0x00007f6728003800, 0x00007f66f40f6000,
0x00007f66f40ef000, 0x00007f66f40f0000, 0x00007f66f40f3000, 0x00007f66f40f3800,
0x00007f66f4163000, 0x00007f66f4163800, 0x00007f66f40ec000, 0x00007f66f40ed000,
0x00007f66f40f6800, 0x00007f66f40f8000, 0x00007f66f40f7800, 0x00007f66f40f9000,
0x00007f66f40fa000, 0x00007f66f40fa800, 0x00007f66f40fb800, 0x00007f66f40fc800,
0x00007f66f40fd000, 0x00007f66f40ff800, 0x00007f66f4100800, 0x00007f66f4101000,
0x00007f66f4102000, 0x00007f66f4104000, 0x00007f66f4106000, 0x00007f66f4107800,
0x00007f66f4116800, 0x00007f66f410d800, 0x00007f66f410e800, 0x00007f66f410f800,
0x00007f66f4111000, 0x00007f66f4112000, 0x00007f66f4113000, 0x00007f66f4115000,
0x00007f66f4117800
}

Java Threads: ( => current thread )
  0x00007f678010a000 JavaThread "Reference Handler" daemon [_thread_blocked, id=2369, stack(0x00007f675c02b000,0x00007f675c12c000)]
  0x00007f678010c000 JavaThread "Finalizer" daemon [_thread_blocked, id=2370, stack(0x00007f6747eff000,0x00007f6748000000)]
  0x00007f6780111800 JavaThread "Signal Dispatcher" daemon [_thread_blocked, id=2371, stack(0x00007f674742f000,0x00007f6747530000)]
  0x00007f6780113800 JavaThread "C1 CompilerThread0" daemon [_thread_blocked, id=2372, stack(0x00007f674732e000,0x00007f674742f000)]
  0x00007f6780115800 JavaThread "Sweeper thread" daemon [_thread_blocked, id=2373, stack(0x00007f674722d000,0x00007f674732e000)]
  0x00007f6780123800 JavaThread "Common-Cleaner" daemon [_thread_blocked, id=2374, stack(0x00007f674712c000,0x00007f674722d000)]
  0x00007f6780152000 JavaThread "Service Thread" daemon [_thread_blocked, id=2375, stack(0x00007f674702b000,0x00007f674712c000)]
  0x00007f678045c000 JavaThread "RMI TCP Accept-0" daemon [_thread_in_native, id=2376, stack(0x00007f67464c3000,0x00007f67465c4000)]
  0x00007f6780462800 JavaThread "RMI TCP Accept-45449" daemon [_thread_in_native, id=2377, stack(0x00007f67463c2000,0x00007f67464c3000)]
  0x00007f678047b000 JavaThread "RMI TCP Accept-0" daemon [_thread_in_native, id=2378, stack(0x00007f67462c1000,0x00007f67463c2000)]
  0x00007f67087cc800 JavaThread "Abandoned connection cleanup thread" daemon [_thread_blocked, id=2395, stack(0x00007f67445b1000,0x00007f67446b2000)]
  0x00007f6708cd9800 JavaThread "Live Reload Server" daemon [_thread_in_native, id=2411, stack(0x00007f67440ae000,0x00007f67441af000)]
  0x00007f6780013800 JavaThread "DestroyJavaVM" [_thread_blocked, id=2348, stack(0x00007f6787737000,0x00007f6787838000)]
  0x00007f670905a000 JavaThread "File Watcher" daemon [_thread_blocked, id=4840, stack(0x00007f66ea9f8000,0x00007f66eaaf9000)]
  0x00007f6728003800 JavaThread "Thread-180" [_thread_blocked, id=26795, stack(0x00007f66eadfc000,0x00007f66eaefd000)]
  0x00007f66f40f6000 JavaThread "File Watcher" daemon [_thread_blocked, id=26800, stack(0x00007f66eacfb000,0x00007f66eadfc000)]
  0x00007f66f40ef000 JavaThread "File Watcher" daemon [_thread_blocked, id=26808, stack(0x00007f66ea5f4000,0x00007f66ea6f5000)]
  0x00007f66f40f0000 JavaThread "File Watcher" daemon [_thread_blocked, id=28037, stack(0x00007f66ea8f7000,0x00007f66ea9f8000)]
  0x00007f66f40f3000 JavaThread "File Watcher" daemon [_thread_blocked, id=28546, stack(0x00007f66eabfa000,0x00007f66eacfb000)]
  0x00007f66f40f3800 JavaThread "File Watcher" daemon [_thread_blocked, id=30161, stack(0x00007f67442b0000,0x00007f67443b1000)]
  0x00007f66f4163000 JavaThread "File Watcher" daemon [_thread_blocked, id=30683, stack(0x00007f66eaffe000,0x00007f66eb0ff000)]
  0x00007f66f4163800 JavaThread "File Watcher" daemon [_thread_blocked, id=31073, stack(0x00007f66ea3f2000,0x00007f66ea4f3000)]
  0x00007f66f40ec000 JavaThread "File Watcher" daemon [_thread_blocked, id=32111, stack(0x00007f66ea7f6000,0x00007f66ea8f7000)]
  0x00007f66f40ed000 JavaThread "File Watcher" daemon [_thread_blocked, id=618, stack(0x00007f66eaefd000,0x00007f66eaffe000)]
  0x00007f66f40f6800 JavaThread "File Watcher" daemon [_thread_blocked, id=3412, stack(0x00007f6745cb7000,0x00007f6745db8000)]
  0x00007f66f40f8000 JavaThread "File Watcher" daemon [_thread_blocked, id=3678, stack(0x00007f67448b2000,0x00007f67449b3000)]
  0x00007f66f40f7800 JavaThread "File Watcher" daemon [_thread_blocked, id=4785, stack(0x00007f67441af000,0x00007f67442b0000)]
  0x00007f66f40f9000 JavaThread "File Watcher" daemon [_thread_blocked, id=4856, stack(0x00007f66ea2f1000,0x00007f66ea3f2000)]
  0x00007f66f40fa000 JavaThread "File Watcher" daemon [_thread_blocked, id=4940, stack(0x00007f67453b3000,0x00007f67454b4000)]
  0x00007f66f40fa800 JavaThread "File Watcher" daemon [_thread_blocked, id=5324, stack(0x00007f66ea6f5000,0x00007f66ea7f6000)]
  0x00007f66f40fb800 JavaThread "File Watcher" daemon [_thread_blocked, id=25397, stack(0x00007f6745bb6000,0x00007f6745cb7000)]
  0x00007f66f40fc800 JavaThread "File Watcher" daemon [_thread_blocked, id=27696, stack(0x00007f6745db8000,0x00007f6745eb9000)]
  0x00007f66f40fd000 JavaThread "File Watcher" daemon [_thread_blocked, id=28651, stack(0x00007f66eb0ff000,0x00007f66eb200000)]
  0x00007f66f40ff800 JavaThread "File Watcher" daemon [_thread_blocked, id=28798, stack(0x00007f66e95f0000,0x00007f66e96f1000)]
  0x00007f66f4100800 JavaThread "File Watcher" daemon [_thread_blocked, id=29816, stack(0x00007f66ea4f3000,0x00007f66ea5f4000)]
  0x00007f66f4101000 JavaThread "File Watcher" daemon [_thread_blocked, id=31327, stack(0x00007f66eaaf9000,0x00007f66eabfa000)]
  0x00007f66f4102000 JavaThread "File Watcher" daemon [_thread_blocked, id=32757, stack(0x00007f66e90ef000,0x00007f66e91f0000)]
  0x00007f66f4104000 JavaThread "File Watcher" daemon [_thread_blocked, id=1519, stack(0x00007f66e8fee000,0x00007f66e90ef000)]
  0x00007f66f4106000 JavaThread "File Watcher" daemon [_thread_blocked, id=16948, stack(0x00007f66e8eed000,0x00007f66e8fee000)]
  0x00007f66f4107800 JavaThread "File Watcher" daemon [_thread_blocked, id=22229, stack(0x00007f66e8dec000,0x00007f66e8eed000)]
  0x00007f66f4116800 JavaThread "File Watcher" daemon [_thread_blocked, id=22461, stack(0x00007f66e8bea000,0x00007f66e8ceb000)]
  0x00007f66f410d800 JavaThread "File Watcher" daemon [_thread_blocked, id=23069, stack(0x00007f66e8ceb000,0x00007f66e8dec000)]
  0x00007f66f410e800 JavaThread "File Watcher" daemon [_thread_blocked, id=26701, stack(0x00007f66e8ae9000,0x00007f66e8bea000)]
  0x00007f66f410f800 JavaThread "File Watcher" daemon [_thread_blocked, id=26712, stack(0x00007f66e88e7000,0x00007f66e89e8000)]
  0x00007f66f4111000 JavaThread "File Watcher" daemon [_thread_blocked, id=26724, stack(0x00007f66e89e8000,0x00007f66e8ae9000)]
  0x00007f66f4112000 JavaThread "File Watcher" daemon [_thread_blocked, id=27596, stack(0x00007f66e87e6000,0x00007f66e88e7000)]
  0x00007f66f4113000 JavaThread "File Watcher" daemon [_thread_blocked, id=27603, stack(0x00007f66e86e5000,0x00007f66e87e6000)]
  0x00007f66f4115000 JavaThread "File Watcher" daemon [_thread_blocked, id=27667, stack(0x00007f66e85e4000,0x00007f66e86e5000)]
  0x00007f66f4117800 JavaThread "File Watcher" daemon [_thread_blocked, id=27738, stack(0x00007f66e84e3000,0x00007f66e85e4000)]

Other Threads:
=>0x00007f6780107000 VMThread "VM Thread" [stack: 0x00007f675c12e000,0x00007f675c22e000] [id=2367]
  0x00007f678047e000 WatcherThread [stack: 0x00007f67461c1000,0x00007f67462c1000] [id=2379]
  0x00007f6780029800 GCTaskThread "GC Thread#0" [stack: 0x00007f676808b000,0x00007f676818b000] [id=2349]
  0x00007f674c001000 GCTaskThread "GC Thread#1" [stack: 0x00007f67460bf000,0x00007f67461bf000] [id=2380]
  0x00007f674c002800 GCTaskThread "GC Thread#2" [stack: 0x00007f6745fbd000,0x00007f67460bd000] [id=2381]
  0x00007f674c006000 GCTaskThread "GC Thread#3" [stack: 0x00007f67458b6000,0x00007f67459b6000] [id=2386]
  0x00007f678005b000 ConcurrentGCThread "G1 Main Marker" [stack: 0x00007f675f1bb000,0x00007f675f2bb000] [id=2350]
  0x00007f678005c800 ConcurrentGCThread "G1 Conc#0" [stack: 0x00007f675f0b9000,0x00007f675f1b9000] [id=2352]
  0x00007f67800d4800 ConcurrentGCThread "G1 Refine#0" [stack: 0x00007f675cbb3000,0x00007f675ccb3000] [id=2360]
  0x00007f6754001000 ConcurrentGCThread "G1 Refine#1" [stack: 0x00007f6745ebb000,0x00007f6745fbb000] [id=2382]
  0x00007f67800d6800 ConcurrentGCThread "G1 Young RemSet Sampling" [stack: 0x00007f675cab1000,0x00007f675cbb1000] [id=2364]

Threads with active compile tasks:

VM state:at safepoint (normal execution)

VM Mutex/Monitor currently owned by a thread:  ([mutex/lock_event])
[0x00007f678000fea0] Threads_lock - owner thread: 0x00007f6780107000
[0x00007f67800105f0] Heap_lock - owner thread: 0x00007f66f40f3000

Heap address: 0x0000000084a00000, size: 1974 MB, Compressed Oops mode: 32-bit
Narrow klass base: 0x0000000800000000, Narrow klass shift: 3
Compressed class space size: 1073741824 Address: 0x0000000840000000

Heap:
 garbage-first heap   total 332800K, used 27266K [0x0000000084a00000, 0x0000000100000000)
  region size 1024K, 1 young (1024K), 1 survivors (1024K)
 Metaspace       used 63128K, capacity 67509K, committed 67740K, reserved 1107968K
  class space    used 8364K, capacity 9941K, committed 9984K, reserved 1048576K
Heap Regions: E=young(eden), S=young(survivor), O=old, HS=humongous(starts), HC=humongous(continues), CS=collection set, F=free, A=archive, TAMS=top-at-mark-start (previous, next)
|   0|0x0000000084a00000, 0x0000000084b00000, 0x0000000084b00000|100%|HS|  |TAMS 0x0000000084a00000, 0x0000000084a00000| Untracked 
|   1|0x0000000084b00000, 0x0000000084bfffe8, 0x0000000084c00000| 99%| O|  |TAMS 0x0000000084b00000, 0x0000000084b00000| Untracked 
|   2|0x0000000084c00000, 0x0000000084cfffd0, 0x0000000084d00000| 99%| O|  |TAMS 0x0000000084c00000, 0x0000000084c00000| Untracked 
|   3|0x0000000084d00000, 0x0000000084dfffe8, 0x0000000084e00000| 99%| O|  |TAMS 0x0000000084d00000, 0x0000000084d00000| Untracked 
|   4|0x0000000084e00000, 0x0000000084efffe8, 0x0000000084f00000| 99%| O|  |TAMS 0x0000000084e00000, 0x0000000084e00000| Untracked 
|   5|0x0000000084f00000, 0x0000000084ffffc8, 0x0000000085000000| 99%| O|  |TAMS 0x0000000084f00000, 0x0000000084f00000| Untracked 
|   6|0x0000000085000000, 0x0000000085100000, 0x0000000085100000|100%| O|  |TAMS 0x0000000085000000, 0x0000000085000000| Untracked 
|   7|0x0000000085100000, 0x00000000851fffe8, 0x0000000085200000| 99%| O|  |TAMS 0x0000000085100000, 0x0000000085100000| Untracked 
|   8|0x0000000085200000, 0x00000000852fffe0, 0x0000000085300000| 99%| O|  |TAMS 0x0000000085200000, 0x0000000085200000| Untracked 
|   9|0x0000000085300000, 0x00000000853fffe0, 0x0000000085400000| 99%| O|  |TAMS 0x0000000085300000, 0x0000000085300000| Untracked 
|  10|0x0000000085400000, 0x00000000854fffe0, 0x0000000085500000| 99%| O|  |TAMS 0x0000000085400000, 0x0000000085400000| Untracked 
|  11|0x0000000085500000, 0x0000000085600000, 0x0000000085600000|100%| O|  |TAMS 0x0000000085500000, 0x0000000085500000| Untracked 
|  12|0x0000000085600000, 0x0000000085700000, 0x0000000085700000|100%| O|  |TAMS 0x0000000085600000, 0x0000000085600000| Untracked 
|  13|0x0000000085700000, 0x00000000857fffd8, 0x0000000085800000| 99%| O|  |TAMS 0x0000000085700000, 0x0000000085700000| Untracked 
|  14|0x0000000085800000, 0x0000000085900000, 0x0000000085900000|100%| O|  |TAMS 0x0000000085800000, 0x0000000085800000| Untracked 
|  15|0x0000000085900000, 0x00000000859fffc0, 0x0000000085a00000| 99%| O|  |TAMS 0x0000000085900000, 0x0000000085900000| Untracked 
|  16|0x0000000085a00000, 0x0000000085afffe0, 0x0000000085b00000| 99%| O|  |TAMS 0x0000000085a00000, 0x0000000085a00000| Untracked 
|  17|0x0000000085b00000, 0x0000000085bfffa8, 0x0000000085c00000| 99%| O|  |TAMS 0x0000000085b00000, 0x0000000085b00000| Untracked 
|  18|0x0000000085c00000, 0x0000000085cfff30, 0x0000000085d00000| 99%| O|  |TAMS 0x0000000085c00000, 0x0000000085c00000| Untracked 
|  19|0x0000000085d00000, 0x0000000085dfffd0, 0x0000000085e00000| 99%| O|  |TAMS 0x0000000085d00000, 0x0000000085d00000| Untracked 
|  20|0x0000000085e00000, 0x0000000085efd7a8, 0x0000000085f00000| 99%| O|  |TAMS 0x0000000085e00000, 0x0000000085e00000| Untracked 
|  21|0x0000000085f00000, 0x0000000085fffff0, 0x0000000086000000| 99%| O|  |TAMS 0x0000000085f00000, 0x0000000085f00000| Untracked 
|  22|0x0000000086000000, 0x000000008604a9d0, 0x0000000086100000| 29%| O|  |TAMS 0x0000000086000000, 0x0000000086000000| Untracked 
|  23|0x0000000086100000, 0x0000000086200000, 0x0000000086200000|100%| O|  |TAMS 0x0000000086100000, 0x0000000086100000| Untracked 
|  24|0x0000000086200000, 0x0000000086300000, 0x0000000086300000|100%| O|  |TAMS 0x0000000086200000, 0x0000000086200000| Untracked 
|  25|0x0000000086300000, 0x0000000086369260, 0x0000000086400000| 41%| O|  |TAMS 0x0000000086300000, 0x0000000086300000| Untracked 
|  26|0x0000000086400000, 0x000000008644d3a8, 0x0000000086500000| 30%| O|  |TAMS 0x0000000086400000, 0x0000000086400000| Untracked 
|  27|0x0000000086500000, 0x00000000865e3600, 0x0000000086600000| 88%| O|  |TAMS 0x0000000086500000, 0x0000000086500000| Untracked 
|  28|0x0000000086600000, 0x0000000086600000, 0x0000000086700000|  0%| F|  |TAMS 0x0000000086600000, 0x0000000086600000| Untracked 
|  29|0x0000000086700000, 0x0000000086700000, 0x0000000086800000|  0%| F|  |TAMS 0x0000000086700000, 0x0000000086700000| Untracked 
|  30|0x0000000086800000, 0x0000000086800000, 0x0000000086900000|  0%| F|  |TAMS 0x0000000086800000, 0x0000000086800000| Untracked 
|  31|0x0000000086900000, 0x0000000086900000, 0x0000000086a00000|  0%| F|  |TAMS 0x0000000086900000, 0x0000000086900000| Untracked 
|  32|0x0000000086a00000, 0x0000000086a00000, 0x0000000086b00000|  0%| F|  |TAMS 0x0000000086a00000, 0x0000000086a00000| Untracked 
|  33|0x0000000086b00000, 0x0000000086b00000, 0x0000000086c00000|  0%| F|  |TAMS 0x0000000086b00000, 0x0000000086b00000| Untracked 
|  34|0x0000000086c00000, 0x0000000086c00000, 0x0000000086d00000|  0%| F|  |TAMS 0x0000000086c00000, 0x0000000086c00000| Untracked 
|  35|0x0000000086d00000, 0x0000000086d00000, 0x0000000086e00000|  0%| F|  |TAMS 0x0000000086d00000, 0x0000000086d00000| Untracked 
|  36|0x0000000086e00000, 0x0000000086e00000, 0x0000000086f00000|  0%| F|  |TAMS 0x0000000086e00000, 0x0000000086e00000| Untracked 
|  37|0x0000000086f00000, 0x0000000086f00000, 0x0000000087000000|  0%| F|  |TAMS 0x0000000086f00000, 0x0000000086f00000| Untracked 
|  38|0x0000000087000000, 0x0000000087000000, 0x0000000087100000|  0%| F|  |TAMS 0x0000000087000000, 0x0000000087000000| Untracked 
|  39|0x0000000087100000, 0x0000000087100000, 0x0000000087200000|  0%| F|  |TAMS 0x0000000087100000, 0x0000000087100000| Untracked 
|  40|0x0000000087200000, 0x0000000087200000, 0x0000000087300000|  0%| F|  |TAMS 0x0000000087200000, 0x0000000087200000| Untracked 
|  41|0x0000000087300000, 0x0000000087300000, 0x0000000087400000|  0%| F|  |TAMS 0x0000000087300000, 0x0000000087300000| Untracked 
|  42|0x0000000087400000, 0x0000000087400000, 0x0000000087500000|  0%| F|  |TAMS 0x0000000087400000, 0x0000000087400000| Untracked 
|  43|0x0000000087500000, 0x0000000087500000, 0x0000000087600000|  0%| F|  |TAMS 0x0000000087500000, 0x0000000087500000| Untracked 
|  44|0x0000000087600000, 0x0000000087600000, 0x0000000087700000|  0%| F|  |TAMS 0x0000000087600000, 0x0000000087600000| Untracked 
|  45|0x0000000087700000, 0x0000000087700000, 0x0000000087800000|  0%| F|  |TAMS 0x0000000087700000, 0x0000000087700000| Untracked 
|  46|0x0000000087800000, 0x0000000087800000, 0x0000000087900000|  0%| F|  |TAMS 0x0000000087800000, 0x0000000087800000| Untracked 
|  47|0x0000000087900000, 0x0000000087900000, 0x0000000087a00000|  0%| F|  |TAMS 0x0000000087900000, 0x0000000087900000| Untracked 
|  48|0x0000000087a00000, 0x0000000087a00000, 0x0000000087b00000|  0%| F|  |TAMS 0x0000000087a00000, 0x0000000087a00000| Untracked 
|  49|0x0000000087b00000, 0x0000000087b00000, 0x0000000087c00000|  0%| F|  |TAMS 0x0000000087b00000, 0x0000000087b00000| Untracked 
|  50|0x0000000087c00000, 0x0000000087c00000, 0x0000000087d00000|  0%| F|  |TAMS 0x0000000087c00000, 0x0000000087c00000| Untracked 
|  51|0x0000000087d00000, 0x0000000087d00000, 0x0000000087e00000|  0%| F|  |TAMS 0x0000000087d00000, 0x0000000087d00000| Untracked 
|  52|0x0000000087e00000, 0x0000000087e00000, 0x0000000087f00000|  0%| F|  |TAMS 0x0000000087e00000, 0x0000000087e00000| Untracked 
|  53|0x0000000087f00000, 0x0000000087f00000, 0x0000000088000000|  0%| F|  |TAMS 0x0000000087f00000, 0x0000000087f00000| Untracked 
|  54|0x0000000088000000, 0x0000000088000000, 0x0000000088100000|  0%| F|  |TAMS 0x0000000088000000, 0x0000000088000000| Untracked 
|  55|0x0000000088100000, 0x0000000088100000, 0x0000000088200000|  0%| F|  |TAMS 0x0000000088100000, 0x0000000088100000| Untracked 
|  56|0x0000000088200000, 0x0000000088200000, 0x0000000088300000|  0%| F|  |TAMS 0x0000000088200000, 0x0000000088200000| Untracked 
|  57|0x0000000088300000, 0x0000000088300000, 0x0000000088400000|  0%| F|  |TAMS 0x0000000088300000, 0x0000000088300000| Untracked 
|  58|0x0000000088400000, 0x0000000088400000, 0x0000000088500000|  0%| F|  |TAMS 0x0000000088400000, 0x0000000088400000| Untracked 
|  59|0x0000000088500000, 0x0000000088500000, 0x0000000088600000|  0%| F|  |TAMS 0x0000000088500000, 0x0000000088500000| Untracked 
|  60|0x0000000088600000, 0x0000000088600000, 0x0000000088700000|  0%| F|  |TAMS 0x0000000088600000, 0x0000000088600000| Untracked 
|  61|0x0000000088700000, 0x0000000088700000, 0x0000000088800000|  0%| F|  |TAMS 0x0000000088700000, 0x0000000088700000| Untracked 
|  62|0x0000000088800000, 0x0000000088800000, 0x0000000088900000|  0%| F|  |TAMS 0x0000000088800000, 0x0000000088800000| Untracked 
|  63|0x0000000088900000, 0x0000000088900000, 0x0000000088a00000|  0%| F|  |TAMS 0x0000000088900000, 0x0000000088900000| Untracked 
|  64|0x0000000088a00000, 0x0000000088a00000, 0x0000000088b00000|  0%| F|  |TAMS 0x0000000088a00000, 0x0000000088a00000| Untracked 
|  65|0x0000000088b00000, 0x0000000088b00000, 0x0000000088c00000|  0%| F|  |TAMS 0x0000000088b00000, 0x0000000088b00000| Untracked 
|  66|0x0000000088c00000, 0x0000000088c00000, 0x0000000088d00000|  0%| F|  |TAMS 0x0000000088c00000, 0x0000000088c00000| Untracked 
|  67|0x0000000088d00000, 0x0000000088d00000, 0x0000000088e00000|  0%| F|  |TAMS 0x0000000088d00000, 0x0000000088d00000| Untracked 
|  68|0x0000000088e00000, 0x0000000088e00000, 0x0000000088f00000|  0%| F|  |TAMS 0x0000000088e00000, 0x0000000088e00000| Untracked 
|  69|0x0000000088f00000, 0x0000000088f00000, 0x0000000089000000|  0%| F|  |TAMS 0x0000000088f00000, 0x0000000088f00000| Untracked 
|  70|0x0000000089000000, 0x0000000089000000, 0x0000000089100000|  0%| F|  |TAMS 0x0000000089000000, 0x0000000089000000| Untracked 
|  71|0x0000000089100000, 0x0000000089100000, 0x0000000089200000|  0%| F|  |TAMS 0x0000000089100000, 0x0000000089100000| Untracked 
|  72|0x0000000089200000, 0x0000000089200000, 0x0000000089300000|  0%| F|  |TAMS 0x0000000089200000, 0x0000000089200000| Untracked 
|  73|0x0000000089300000, 0x0000000089300000, 0x0000000089400000|  0%| F|  |TAMS 0x0000000089300000, 0x0000000089300000| Untracked 
|  74|0x0000000089400000, 0x0000000089400000, 0x0000000089500000|  0%| F|  |TAMS 0x0000000089400000, 0x0000000089400000| Untracked 
|  75|0x0000000089500000, 0x0000000089500000, 0x0000000089600000|  0%| F|  |TAMS 0x0000000089500000, 0x0000000089500000| Untracked 
|  76|0x0000000089600000, 0x0000000089600000, 0x0000000089700000|  0%| F|  |TAMS 0x0000000089600000, 0x0000000089600000| Untracked 
|  77|0x0000000089700000, 0x0000000089700000, 0x0000000089800000|  0%| F|  |TAMS 0x0000000089700000, 0x0000000089700000| Untracked 
|  78|0x0000000089800000, 0x0000000089800000, 0x0000000089900000|  0%| F|  |TAMS 0x0000000089800000, 0x0000000089800000| Untracked 
|  79|0x0000000089900000, 0x0000000089900000, 0x0000000089a00000|  0%| F|  |TAMS 0x0000000089900000, 0x0000000089900000| Untracked 
|  80|0x0000000089a00000, 0x0000000089a00000, 0x0000000089b00000|  0%| F|  |TAMS 0x0000000089a00000, 0x0000000089a00000| Untracked 
|  81|0x0000000089b00000, 0x0000000089b00000, 0x0000000089c00000|  0%| F|  |TAMS 0x0000000089b00000, 0x0000000089b00000| Untracked 
|  82|0x0000000089c00000, 0x0000000089c00000, 0x0000000089d00000|  0%| F|  |TAMS 0x0000000089c00000, 0x0000000089c00000| Untracked 
|  83|0x0000000089d00000, 0x0000000089d00000, 0x0000000089e00000|  0%| F|  |TAMS 0x0000000089d00000, 0x0000000089d00000| Untracked 
|  84|0x0000000089e00000, 0x0000000089e00000, 0x0000000089f00000|  0%| F|  |TAMS 0x0000000089e00000, 0x0000000089e00000| Untracked 
|  85|0x0000000089f00000, 0x0000000089f00000, 0x000000008a000000|  0%| F|  |TAMS 0x0000000089f00000, 0x0000000089f00000| Untracked 
|  86|0x000000008a000000, 0x000000008a000000, 0x000000008a100000|  0%| F|  |TAMS 0x000000008a000000, 0x000000008a000000| Untracked 
|  87|0x000000008a100000, 0x000000008a100000, 0x000000008a200000|  0%| F|  |TAMS 0x000000008a100000, 0x000000008a100000| Untracked 
|  88|0x000000008a200000, 0x000000008a200000, 0x000000008a300000|  0%| F|  |TAMS 0x000000008a200000, 0x000000008a200000| Untracked 
|  89|0x000000008a300000, 0x000000008a300000, 0x000000008a400000|  0%| F|  |TAMS 0x000000008a300000, 0x000000008a300000| Untracked 
|  90|0x000000008a400000, 0x000000008a400000, 0x000000008a500000|  0%| F|  |TAMS 0x000000008a400000, 0x000000008a400000| Untracked 
|  91|0x000000008a500000, 0x000000008a500000, 0x000000008a600000|  0%| F|  |TAMS 0x000000008a500000, 0x000000008a500000| Untracked 
|  92|0x000000008a600000, 0x000000008a600000, 0x000000008a700000|  0%| F|  |TAMS 0x000000008a600000, 0x000000008a600000| Untracked 
|  93|0x000000008a700000, 0x000000008a700000, 0x000000008a800000|  0%| F|  |TAMS 0x000000008a700000, 0x000000008a700000| Untracked 
|  94|0x000000008a800000, 0x000000008a800000, 0x000000008a900000|  0%| F|  |TAMS 0x000000008a800000, 0x000000008a800000| Untracked 
|  95|0x000000008a900000, 0x000000008a900000, 0x000000008aa00000|  0%| F|  |TAMS 0x000000008a900000, 0x000000008a900000| Untracked 
|  96|0x000000008aa00000, 0x000000008aa00000, 0x000000008ab00000|  0%| F|  |TAMS 0x000000008aa00000, 0x000000008aa00000| Untracked 
|  97|0x000000008ab00000, 0x000000008ab00000, 0x000000008ac00000|  0%| F|  |TAMS 0x000000008ab00000, 0x000000008ab00000| Untracked 
|  98|0x000000008ac00000, 0x000000008ac00000, 0x000000008ad00000|  0%| F|  |TAMS 0x000000008ac00000, 0x000000008ac00000| Untracked 
|  99|0x000000008ad00000, 0x000000008ad00000, 0x000000008ae00000|  0%| F|  |TAMS 0x000000008ad00000, 0x000000008ad00000| Untracked 
| 100|0x000000008ae00000, 0x000000008ae00000, 0x000000008af00000|  0%| F|  |TAMS 0x000000008ae00000, 0x000000008ae00000| Untracked 
| 101|0x000000008af00000, 0x000000008af00000, 0x000000008b000000|  0%| F|  |TAMS 0x000000008af00000, 0x000000008af00000| Untracked 
| 102|0x000000008b000000, 0x000000008b000000, 0x000000008b100000|  0%| F|  |TAMS 0x000000008b000000, 0x000000008b000000| Untracked 
| 103|0x000000008b100000, 0x000000008b100000, 0x000000008b200000|  0%| F|  |TAMS 0x000000008b100000, 0x000000008b100000| Untracked 
| 104|0x000000008b200000, 0x000000008b200000, 0x000000008b300000|  0%| F|  |TAMS 0x000000008b200000, 0x000000008b200000| Untracked 
| 105|0x000000008b300000, 0x000000008b300000, 0x000000008b400000|  0%| F|  |TAMS 0x000000008b300000, 0x000000008b300000| Untracked 
| 106|0x000000008b400000, 0x000000008b400000, 0x000000008b500000|  0%| F|  |TAMS 0x000000008b400000, 0x000000008b400000| Untracked 
| 107|0x000000008b500000, 0x000000008b500000, 0x000000008b600000|  0%| F|  |TAMS 0x000000008b500000, 0x000000008b500000| Untracked 
| 108|0x000000008b600000, 0x000000008b600000, 0x000000008b700000|  0%| F|  |TAMS 0x000000008b600000, 0x000000008b600000| Untracked 
| 109|0x000000008b700000, 0x000000008b700000, 0x000000008b800000|  0%| F|  |TAMS 0x000000008b700000, 0x000000008b700000| Untracked 
| 110|0x000000008b800000, 0x000000008b800000, 0x000000008b900000|  0%| F|  |TAMS 0x000000008b800000, 0x000000008b800000| Untracked 
| 111|0x000000008b900000, 0x000000008b900000, 0x000000008ba00000|  0%| F|  |TAMS 0x000000008b900000, 0x000000008b900000| Untracked 
| 112|0x000000008ba00000, 0x000000008ba00000, 0x000000008bb00000|  0%| F|  |TAMS 0x000000008ba00000, 0x000000008ba00000| Untracked 
| 113|0x000000008bb00000, 0x000000008bb00000, 0x000000008bc00000|  0%| F|  |TAMS 0x000000008bb00000, 0x000000008bb00000| Untracked 
| 114|0x000000008bc00000, 0x000000008bc00000, 0x000000008bd00000|  0%| F|  |TAMS 0x000000008bc00000, 0x000000008bc00000| Untracked 
| 115|0x000000008bd00000, 0x000000008bd00000, 0x000000008be00000|  0%| F|  |TAMS 0x000000008bd00000, 0x000000008bd00000| Untracked 
| 116|0x000000008be00000, 0x000000008be00000, 0x000000008bf00000|  0%| F|  |TAMS 0x000000008be00000, 0x000000008be00000| Untracked 
| 117|0x000000008bf00000, 0x000000008bf00000, 0x000000008c000000|  0%| F|  |TAMS 0x000000008bf00000, 0x000000008bf00000| Untracked 
| 118|0x000000008c000000, 0x000000008c000000, 0x000000008c100000|  0%| F|  |TAMS 0x000000008c000000, 0x000000008c000000| Untracked 
| 119|0x000000008c100000, 0x000000008c100000, 0x000000008c200000|  0%| F|  |TAMS 0x000000008c100000, 0x000000008c100000| Untracked 
| 120|0x000000008c200000, 0x000000008c200000, 0x000000008c300000|  0%| F|  |TAMS 0x000000008c200000, 0x000000008c200000| Untracked 
| 121|0x000000008c300000, 0x000000008c300000, 0x000000008c400000|  0%| F|  |TAMS 0x000000008c300000, 0x000000008c300000| Untracked 
| 122|0x000000008c400000, 0x000000008c400000, 0x000000008c500000|  0%| F|  |TAMS 0x000000008c400000, 0x000000008c400000| Untracked 
| 123|0x000000008c500000, 0x000000008c500000, 0x000000008c600000|  0%| F|  |TAMS 0x000000008c500000, 0x000000008c500000| Untracked 
| 124|0x000000008c600000, 0x000000008c600000, 0x000000008c700000|  0%| F|  |TAMS 0x000000008c600000, 0x000000008c600000| Untracked 
| 125|0x000000008c700000, 0x000000008c700000, 0x000000008c800000|  0%| F|  |TAMS 0x000000008c700000, 0x000000008c700000| Untracked 
| 126|0x000000008c800000, 0x000000008c800000, 0x000000008c900000|  0%| F|  |TAMS 0x000000008c800000, 0x000000008c800000| Untracked 
| 127|0x000000008c900000, 0x000000008c900000, 0x000000008ca00000|  0%| F|  |TAMS 0x000000008c900000, 0x000000008c900000| Untracked 
| 128|0x000000008ca00000, 0x000000008ca00000, 0x000000008cb00000|  0%| F|  |TAMS 0x000000008ca00000, 0x000000008ca00000| Untracked 
| 129|0x000000008cb00000, 0x000000008cb00000, 0x000000008cc00000|  0%| F|  |TAMS 0x000000008cb00000, 0x000000008cb00000| Untracked 
| 130|0x000000008cc00000, 0x000000008cc00000, 0x000000008cd00000|  0%| F|  |TAMS 0x000000008cc00000, 0x000000008cc00000| Untracked 
| 131|0x000000008cd00000, 0x000000008cd00000, 0x000000008ce00000|  0%| F|  |TAMS 0x000000008cd00000, 0x000000008cd00000| Untracked 
| 132|0x000000008ce00000, 0x000000008ce00000, 0x000000008cf00000|  0%| F|  |TAMS 0x000000008ce00000, 0x000000008ce00000| Untracked 
| 133|0x000000008cf00000, 0x000000008cf00000, 0x000000008d000000|  0%| F|  |TAMS 0x000000008cf00000, 0x000000008cf00000| Untracked 
| 134|0x000000008d000000, 0x000000008d020100, 0x000000008d100000| 12%| S|CS|TAMS 0x000000008d000000, 0x000000008d000000| Complete 
| 135|0x000000008d100000, 0x000000008d100000, 0x000000008d200000|  0%| F|  |TAMS 0x000000008d100000, 0x000000008d100000| Untracked 
| 136|0x000000008d200000, 0x000000008d200000, 0x000000008d300000|  0%| F|  |TAMS 0x000000008d200000, 0x000000008d200000| Untracked 
| 137|0x000000008d300000, 0x000000008d300000, 0x000000008d400000|  0%| F|  |TAMS 0x000000008d300000, 0x000000008d300000| Untracked 
| 138|0x000000008d400000, 0x000000008d400000, 0x000000008d500000|  0%| F|  |TAMS 0x000000008d400000, 0x000000008d400000| Untracked 
| 139|0x000000008d500000, 0x000000008d500000, 0x000000008d600000|  0%| F|  |TAMS 0x000000008d500000, 0x000000008d500000| Untracked 
| 140|0x000000008d600000, 0x000000008d600000, 0x000000008d700000|  0%| F|  |TAMS 0x000000008d600000, 0x000000008d600000| Untracked 
| 141|0x000000008d700000, 0x000000008d700000, 0x000000008d800000|  0%| F|  |TAMS 0x000000008d700000, 0x000000008d700000| Untracked 
|1972|0x00000000ffe00000, 0x00000000ffe35000, 0x00000000fff00000| 20%|OA|  |TAMS 0x00000000ffe35000, 0x00000000ffe00000| Untracked 
|1973|0x00000000fff00000, 0x00000000fff6a000, 0x0000000100000000| 41%|CA|  |TAMS 0x00000000fff6a000, 0x00000000fff00000| Untracked 

Card table byte_map: [0x00007f6763446000,0x00007f6763821000] _byte_map_base: 0x00007f6763021000

Marking Bits (Prev, Next): (CMBitMap*) 0x00007f6780052370, (CMBitMap*) 0x00007f6780052338
 Prev Bits: [0x00007f675f2bb000, 0x00007f6761193000)
 Next Bits: [0x00007f6761193000, 0x00007f676306b000)

Polling page: 0x00007f678784c000

Metaspace:

Usage:
  Non-class:     56.22 MB capacity,    53.48 MB ( 95%) used,     2.47 MB (  4%) free+waste,   276.62 KB ( <1%) overhead. 
      Class:      9.71 MB capacity,     8.17 MB ( 84%) used,     1.40 MB ( 14%) free+waste,   139.00 KB (  1%) overhead. 
       Both:     65.93 MB capacity,    61.65 MB ( 94%) used,     3.87 MB (  6%) free+waste,   415.62 KB ( <1%) overhead. 

Virtual space:
  Non-class space:       58.00 MB reserved,      56.40 MB ( 97%) committed 
      Class space:        1.00 GB reserved,       9.75 MB ( <1%) committed 
             Both:        1.06 GB reserved,      66.15 MB (  6%) committed 

Chunk freelists:
   Non-Class:  0 bytes
       Class:  1.00 KB
        Both:  1.00 KB

CodeHeap 'non-profiled nmethods': size=238948Kb used=21983Kb max_used=21983Kb free=216964Kb
 bounds [0x00007f6768a05000, 0x00007f6769f85000, 0x00007f677735e000]
CodeHeap 'non-nmethods': size=6812Kb used=1257Kb max_used=1257Kb free=5554Kb
 bounds [0x00007f676835e000, 0x00007f67685ce000, 0x00007f6768a05000]
 total_blobs=13068 nmethods=12236 adapters=557
 compilation: enabled
              stopped_count=0, restarted_count=0
 full_count=0

Compilation events (10 events):
Event: 16323.570 Thread 0x00007f6780113800 12423       1       org.springframework.core.type.classreading.CachingMetadataReaderFactory::setCacheLimit (49 bytes)
Event: 16323.571 Thread 0x00007f6780113800 nmethod 12423 0x00007f6769f80e90 code [0x00007f6769f81080, 0x00007f6769f813e8]
Event: 16323.571 Thread 0x00007f6780113800 12424       1       org.springframework.core.type.classreading.CachingMetadataReaderFactory$LocalResourceCache::<init> (14 bytes)
Event: 16323.572 Thread 0x00007f6780113800 nmethod 12424 0x00007f6769f81510 code [0x00007f6769f816e0, 0x00007f6769f81868]
Event: 16323.581 Thread 0x00007f6780113800 12425   !   1       com.sun.proxy.$Proxy26::value (29 bytes)
Event: 16323.582 Thread 0x00007f6780113800 nmethod 12425 0x00007f6769f81910 code [0x00007f6769f81ae0, 0x00007f6769f81d38]
Event: 16323.600 Thread 0x00007f6780113800 12426       1       org.springframework.boot.autoconfigure.logging.ConditionEvaluationReportLoggingListener$ConditionEvaluationReportListener::supportsEventType (35 bytes)
Event: 16323.601 Thread 0x00007f6780113800 nmethod 12426 0x00007f6769f81e90 code [0x00007f6769f82060, 0x00007f6769f82268]
Event: 16323.603 Thread 0x00007f6780113800 12427  s    1       java.lang.Thread::nextThreadNum (10 bytes)
Event: 16323.603 Thread 0x00007f6780113800 nmethod 12427 0x00007f6769f82390 code [0x00007f6769f82540, 0x00007f6769f827f0]

GC Heap History (10 events):
Event: 16901.643 GC heap after
{Heap after GC invocations=375 (full 30):
 garbage-first heap   total 147456K, used 27370K [0x0000000084a00000, 0x0000000100000000)
  region size 1024K, 1 young (1024K), 1 survivors (1024K)
 Metaspace       used 63128K, capacity 67509K, committed 67740K, reserved 1107968K
  class space    used 8364K, capacity 9941K, committed 9984K, reserved 1048576K
}
Event: 16905.270 GC heap before
{Heap before GC invocations=375 (full 30):
 garbage-first heap   total 147456K, used 33514K [0x0000000084a00000, 0x0000000100000000)
  region size 1024K, 8 young (8192K), 1 survivors (1024K)
 Metaspace       used 63128K, capacity 67509K, committed 67740K, reserved 1107968K
  class space    used 8364K, capacity 9941K, committed 9984K, reserved 1048576K
}
Event: 16905.274 GC heap after
{Heap after GC invocations=376 (full 30):
 garbage-first heap   total 147456K, used 27290K [0x0000000084a00000, 0x0000000100000000)
  region size 1024K, 1 young (1024K), 1 survivors (1024K)
 Metaspace       used 63128K, capacity 67509K, committed 67740K, reserved 1107968K
  class space    used 8364K, capacity 9941K, committed 9984K, reserved 1048576K
}
Event: 16909.273 GC heap before
{Heap before GC invocations=376 (full 30):
 garbage-first heap   total 147456K, used 33434K [0x0000000084a00000, 0x0000000100000000)
  region size 1024K, 7 young (7168K), 1 survivors (1024K)
 Metaspace       used 63128K, capacity 67509K, committed 67740K, reserved 1107968K
  class space    used 8364K, capacity 9941K, committed 9984K, reserved 1048576K
}
Event: 16909.275 GC heap after
{Heap after GC invocations=377 (full 30):
 garbage-first heap   total 147456K, used 27197K [0x0000000084a00000, 0x0000000100000000)
  region size 1024K, 1 young (1024K), 1 survivors (1024K)
 Metaspace       used 63128K, capacity 67509K, committed 67740K, reserved 1107968K
  class space    used 8364K, capacity 9941K, committed 9984K, reserved 1048576K
}
Event: 16994.740 GC heap before
{Heap before GC invocations=377 (full 30):
 garbage-first heap   total 147456K, used 114237K [0x0000000084a00000, 0x0000000100000000)
  region size 1024K, 86 young (88064K), 1 survivors (1024K)
 Metaspace       used 63128K, capacity 67509K, committed 67740K, reserved 1107968K
  class space    used 8364K, capacity 9941K, committed 9984K, reserved 1048576K
}
Event: 17008.334 GC heap after
{Heap after GC invocations=378 (full 30):
 garbage-first heap   total 147456K, used 27280K [0x0000000084a00000, 0x0000000100000000)
  region size 1024K, 1 young (1024K), 1 survivors (1024K)
 Metaspace       used 63128K, capacity 67509K, committed 67740K, reserved 1107968K
  class space    used 8364K, capacity 9941K, committed 9984K, reserved 1048576K
}
Event: 17016.571 GC heap before
{Heap before GC invocations=378 (full 30):
 garbage-first heap   total 147456K, used 32400K [0x0000000084a00000, 0x0000000100000000)
  region size 1024K, 7 young (7168K), 1 survivors (1024K)
 Metaspace       used 63128K, capacity 67509K, committed 67740K, reserved 1107968K
  class space    used 8364K, capacity 9941K, committed 9984K, reserved 1048576K
}
Event: 17024.060 GC heap after
{Heap after GC invocations=379 (full 30):
 garbage-first heap   total 147456K, used 27253K [0x0000000084a00000, 0x0000000100000000)
  region size 1024K, 1 young (1024K), 1 survivors (1024K)
 Metaspace       used 63128K, capacity 67509K, committed 67740K, reserved 1107968K
  class space    used 8364K, capacity 9941K, committed 9984K, reserved 1048576K
}
Event: 17033.894 GC heap before
{Heap before GC invocations=379 (full 30):
 garbage-first heap   total 147456K, used 33397K [0x0000000084a00000, 0x0000000100000000)
  region size 1024K, 7 young (7168K), 1 survivors (1024K)
 Metaspace       used 63128K, capacity 67509K, committed 67740K, reserved 1107968K
  class space    used 8364K, capacity 9941K, committed 9984K, reserved 1048576K
}

Deoptimization events (0 events):
No events

Classes redefined (0 events):
No events

Internal exceptions (10 events):
Event: 16164.267 Thread 0x00007f66f4111000 Exception <a 'java/io/FileNotFoundException'{0x0000000087630940}> (0x0000000087630940) thrown at [/build/openjdk-lts-TkRlmw/openjdk-lts-11.0.3+7/src/hotspot/share/prims/jni.cpp, line 615]
Event: 16164.305 Thread 0x00007f66f4111000 Exception <a 'java/lang/reflect/InvocationTargetException'{0x0000000088fa34e8}> (0x0000000088fa34e8) thrown at [/build/openjdk-lts-TkRlmw/openjdk-lts-11.0.3+7/src/hotspot/share/runtime/reflection.cpp, line 1242]
Event: 16304.041 Thread 0x00007f66f4112000 Exception <a 'java/io/FileNotFoundException'{0x000000008842f630}> (0x000000008842f630) thrown at [/build/openjdk-lts-TkRlmw/openjdk-lts-11.0.3+7/src/hotspot/share/prims/jni.cpp, line 615]
Event: 16304.196 Thread 0x00007f66f4112000 Exception <a 'java/lang/reflect/InvocationTargetException'{0x0000000087fb7a40}> (0x0000000087fb7a40) thrown at [/build/openjdk-lts-TkRlmw/openjdk-lts-11.0.3+7/src/hotspot/share/runtime/reflection.cpp, line 1242]
Event: 16305.617 Thread 0x00007f66f4113000 Exception <a 'java/io/FileNotFoundException'{0x0000000087b2d428}> (0x0000000087b2d428) thrown at [/build/openjdk-lts-TkRlmw/openjdk-lts-11.0.3+7/src/hotspot/share/prims/jni.cpp, line 615]
Event: 16305.653 Thread 0x00007f66f4113000 Exception <a 'java/lang/reflect/InvocationTargetException'{0x0000000087543308}> (0x0000000087543308) thrown at [/build/openjdk-lts-TkRlmw/openjdk-lts-11.0.3+7/src/hotspot/share/runtime/reflection.cpp, line 1242]
Event: 16312.079 Thread 0x00007f66f4115000 Exception <a 'java/io/FileNotFoundException'{0x0000000088b5e7a8}> (0x0000000088b5e7a8) thrown at [/build/openjdk-lts-TkRlmw/openjdk-lts-11.0.3+7/src/hotspot/share/prims/jni.cpp, line 615]
Event: 16312.101 Thread 0x00007f66f4115000 Exception <a 'java/lang/reflect/InvocationTargetException'{0x00000000886d03e8}> (0x00000000886d03e8) thrown at [/build/openjdk-lts-TkRlmw/openjdk-lts-11.0.3+7/src/hotspot/share/runtime/reflection.cpp, line 1242]
Event: 16323.542 Thread 0x00007f66f4117800 Exception <a 'java/io/FileNotFoundException'{0x000000008758fd10}> (0x000000008758fd10) thrown at [/build/openjdk-lts-TkRlmw/openjdk-lts-11.0.3+7/src/hotspot/share/prims/jni.cpp, line 615]
Event: 16323.602 Thread 0x00007f66f4117800 Exception <a 'java/lang/reflect/InvocationTargetException'{0x0000000088f0c8b0}> (0x0000000088f0c8b0) thrown at [/build/openjdk-lts-TkRlmw/openjdk-lts-11.0.3+7/src/hotspot/share/runtime/reflection.cpp, line 1242]

Events (10 events):
Event: 16905.270 Executing VM operation: G1CollectForAllocation done
Event: 16905.270 Executing VM operation: G1CollectForAllocation
Event: 16905.274 Executing VM operation: G1CollectForAllocation done
Event: 16909.273 Executing VM operation: G1CollectForAllocation
Event: 16909.275 Executing VM operation: G1CollectForAllocation done
Event: 16983.080 Executing VM operation: G1CollectForAllocation
Event: 17010.902 Executing VM operation: G1CollectForAllocation done
Event: 17015.166 Executing VM operation: G1CollectForAllocation
Event: 17025.562 Executing VM operation: G1CollectForAllocation done
Event: 17031.434 Executing VM operation: G1CollectForAllocation


Dynamic libraries:
84a00000-8d800000 rw-p 00000000 00:00 0 
98d00000-ffe00000 ---p 00000000 00:00 0 
ffe00000-ffe35000 rw-p 0111e000 08:02 3412921                            /usr/lib/jvm/java-11-openjdk-amd64/lib/server/classes.jsa
ffe35000-fff00000 rw-p 00000000 00:00 0 
fff00000-fff6a000 rw-p 010b4000 08:02 3412921                            /usr/lib/jvm/java-11-openjdk-amd64/lib/server/classes.jsa
fff6a000-100000000 rw-p 00000000 00:00 0 
800000000-800002000 rwxp 00001000 08:02 3412921                          /usr/lib/jvm/java-11-openjdk-amd64/lib/server/classes.jsa
800002000-8003bf000 rw-p 00003000 08:02 3412921                          /usr/lib/jvm/java-11-openjdk-amd64/lib/server/classes.jsa
8003bf000-800a9c000 r--p 003c0000 08:02 3412921                          /usr/lib/jvm/java-11-openjdk-amd64/lib/server/classes.jsa
800a9c000-800a9d000 rw-p 00a9d000 08:02 3412921                          /usr/lib/jvm/java-11-openjdk-amd64/lib/server/classes.jsa
800a9d000-8010b3000 r--p 00a9e000 08:02 3412921                          /usr/lib/jvm/java-11-openjdk-amd64/lib/server/classes.jsa
840000000-8409c0000 rw-p 00000000 00:00 0 
8409c0000-880000000 ---p 00000000 00:00 0 
55e5b6264000-55e5b6265000 r-xp 00000000 08:02 3279953                    /usr/lib/jvm/java-11-openjdk-amd64/bin/java
55e5b6465000-55e5b6466000 r--p 00001000 08:02 3279953                    /usr/lib/jvm/java-11-openjdk-amd64/bin/java
55e5b6466000-55e5b6467000 rw-p 00002000 08:02 3279953                    /usr/lib/jvm/java-11-openjdk-amd64/bin/java
55e5b708a000-55e5b7144000 rw-p 00000000 00:00 0                          [heap]
7f66e0000000-7f66e0021000 rw-p 00000000 00:00 0 
7f66e0021000-7f66e4000000 ---p 00000000 00:00 0 
7f66e4000000-7f66e4047000 rw-p 00000000 00:00 0 
7f66e4047000-7f66e8000000 ---p 00000000 00:00 0 
7f66e84e3000-7f66e84e7000 ---p 00000000 00:00 0 
7f66e84e7000-7f66e85e4000 rw-p 00000000 00:00 0 
7f66e85e4000-7f66e85e8000 ---p 00000000 00:00 0 
7f66e85e8000-7f66e86e5000 rw-p 00000000 00:00 0 
7f66e86e5000-7f66e86e9000 ---p 00000000 00:00 0 
7f66e86e9000-7f66e87e6000 rw-p 00000000 00:00 0 
7f66e87e6000-7f66e87ea000 ---p 00000000 00:00 0 
7f66e87ea000-7f66e88e7000 rw-p 00000000 00:00 0 
7f66e88e7000-7f66e88eb000 ---p 00000000 00:00 0 
7f66e88eb000-7f66e89e8000 rw-p 00000000 00:00 0 
7f66e89e8000-7f66e89ec000 ---p 00000000 00:00 0 
7f66e89ec000-7f66e8ae9000 rw-p 00000000 00:00 0 
7f66e8ae9000-7f66e8aed000 ---p 00000000 00:00 0 
7f66e8aed000-7f66e8bea000 rw-p 00000000 00:00 0 
7f66e8bea000-7f66e8bee000 ---p 00000000 00:00 0 
7f66e8bee000-7f66e8ceb000 rw-p 00000000 00:00 0 
7f66e8ceb000-7f66e8cef000 ---p 00000000 00:00 0 
7f66e8cef000-7f66e8dec000 rw-p 00000000 00:00 0 
7f66e8dec000-7f66e8df0000 ---p 00000000 00:00 0 
7f66e8df0000-7f66e8eed000 rw-p 00000000 00:00 0 
7f66e8eed000-7f66e8ef1000 ---p 00000000 00:00 0 
7f66e8ef1000-7f66e8fee000 rw-p 00000000 00:00 0 
7f66e8fee000-7f66e8ff2000 ---p 00000000 00:00 0 
7f66e8ff2000-7f66e90ef000 rw-p 00000000 00:00 0 
7f66e90ef000-7f66e90f3000 ---p 00000000 00:00 0 
7f66e90f3000-7f66e9270000 rw-p 00000000 00:00 0 
7f66e9270000-7f66e93f0000 ---p 00000000 00:00 0 
7f66e93f0000-7f66e95f0000 rw-p 00000000 00:00 0 
7f66e95f0000-7f66e95f4000 ---p 00000000 00:00 0 
7f66e95f4000-7f66e98f1000 rw-p 00000000 00:00 0 
7f66e98f1000-7f66e9af1000 rw-p 00000000 00:00 0 
7f66e9af1000-7f66e9cf1000 rw-p 00000000 00:00 0 
7f66e9cf1000-7f66e9ef1000 rw-p 00000000 00:00 0 
7f66e9ef1000-7f66ea0f1000 rw-p 00000000 00:00 0 
7f66ea0f1000-7f66ea2f1000 rw-p 00000000 00:00 0 
7f66ea2f1000-7f66ea2f5000 ---p 00000000 00:00 0 
7f66ea2f5000-7f66ea3f2000 rw-p 00000000 00:00 0 
7f66ea3f2000-7f66ea3f6000 ---p 00000000 00:00 0 
7f66ea3f6000-7f66ea4f3000 rw-p 00000000 00:00 0 
7f66ea4f3000-7f66ea4f7000 ---p 00000000 00:00 0 
7f66ea4f7000-7f66ea5f4000 rw-p 00000000 00:00 0 
7f66ea5f4000-7f66ea5f8000 ---p 00000000 00:00 0 
7f66ea5f8000-7f66ea6f5000 rw-p 00000000 00:00 0 
7f66ea6f5000-7f66ea6f9000 ---p 00000000 00:00 0 
7f66ea6f9000-7f66ea7f6000 rw-p 00000000 00:00 0 
7f66ea7f6000-7f66ea7fa000 ---p 00000000 00:00 0 
7f66ea7fa000-7f66ea8f7000 rw-p 00000000 00:00 0 
7f66ea8f7000-7f66ea8fb000 ---p 00000000 00:00 0 
7f66ea8fb000-7f66ea9f8000 rw-p 00000000 00:00 0 
7f66ea9f8000-7f66ea9fc000 ---p 00000000 00:00 0 
7f66ea9fc000-7f66eaaf9000 rw-p 00000000 00:00 0 
7f66eaaf9000-7f66eaafd000 ---p 00000000 00:00 0 
7f66eaafd000-7f66eabfa000 rw-p 00000000 00:00 0 
7f66eabfa000-7f66eabfe000 ---p 00000000 00:00 0 
7f66eabfe000-7f66eacfb000 rw-p 00000000 00:00 0 
7f66eacfb000-7f66eacff000 ---p 00000000 00:00 0 
7f66eacff000-7f66eadfc000 rw-p 00000000 00:00 0 
7f66eadfc000-7f66eae00000 ---p 00000000 00:00 0 
7f66eae00000-7f66eaefd000 rw-p 00000000 00:00 0 
7f66eaefd000-7f66eaf01000 ---p 00000000 00:00 0 
7f66eaf01000-7f66eaffe000 rw-p 00000000 00:00 0 
7f66eaffe000-7f66eb002000 ---p 00000000 00:00 0 
7f66eb002000-7f66eb0ff000 rw-p 00000000 00:00 0 
7f66eb0ff000-7f66eb103000 ---p 00000000 00:00 0 
7f66eb103000-7f66eb400000 rw-p 00000000 00:00 0 
7f66eb400000-7f66eb600000 rw-p 00000000 00:00 0 
7f66eb600000-7f66eb800000 rw-p 00000000 00:00 0 
7f66eb800000-7f66eba00000 rw-p 00000000 00:00 0 
7f66eba00000-7f66ebc00000 rw-p 00000000 00:00 0 
7f66ebc00000-7f66ebde8000 rw-p 00000000 00:00 0 
7f66ebde8000-7f66ebe00000 ---p 00000000 00:00 0 
7f66ebe00000-7f66ec000000 rw-p 00000000 00:00 0 
7f66ec000000-7f66ec021000 rw-p 00000000 00:00 0 
7f66ec021000-7f66f0000000 ---p 00000000 00:00 0 
7f66f0000000-7f66f00c5000 rw-p 00000000 00:00 0 
7f66f00c5000-7f66f4000000 ---p 00000000 00:00 0 
7f66f4000000-7f66f4172000 rw-p 00000000 00:00 0 
7f66f4172000-7f66f8000000 ---p 00000000 00:00 0 
7f66f8000000-7f66f80c0000 rw-p 00000000 00:00 0 
7f66f80c0000-7f66fc000000 ---p 00000000 00:00 0 
7f66fc000000-7f66fc3ea000 rw-p 00000000 00:00 0 
7f66fc3ea000-7f6700000000 ---p 00000000 00:00 0 
7f6700000000-7f6700066000 rw-p 00000000 00:00 0 
7f6700066000-7f6704000000 ---p 00000000 00:00 0 
7f6704000000-7f670412d000 rw-p 00000000 00:00 0 
7f670412d000-7f6708000000 ---p 00000000 00:00 0 
7f6708000000-7f6709074000 rw-p 00000000 00:00 0 
7f6709074000-7f670c000000 ---p 00000000 00:00 0 
7f670c000000-7f670c06f000 rw-p 00000000 00:00 0 
7f670c06f000-7f6710000000 ---p 00000000 00:00 0 
7f6710000000-7f6710021000 rw-p 00000000 00:00 0 
7f6710021000-7f6714000000 ---p 00000000 00:00 0 
7f6714000000-7f6714021000 rw-p 00000000 00:00 0 
7f6714021000-7f6718000000 ---p 00000000 00:00 0 
7f6718000000-7f6718069000 rw-p 00000000 00:00 0 
7f6718069000-7f671c000000 ---p 00000000 00:00 0 
7f671c000000-7f671c066000 rw-p 00000000 00:00 0 
7f671c066000-7f6720000000 ---p 00000000 00:00 0 
7f6720000000-7f6720029000 rw-p 00000000 00:00 0 
7f6720029000-7f6724000000 ---p 00000000 00:00 0 
7f6724000000-7f67241b3000 rw-p 00000000 00:00 0 
7f67241b3000-7f6728000000 ---p 00000000 00:00 0 
7f6728000000-7f6728078000 rw-p 00000000 00:00 0 
7f6728078000-7f672c000000 ---p 00000000 00:00 0 
7f672c000000-7f672c0a3000 rw-p 00000000 00:00 0 
7f672c0a3000-7f6730000000 ---p 00000000 00:00 0 
7f6730000000-7f67300a4000 rw-p 00000000 00:00 0 
7f67300a4000-7f6734000000 ---p 00000000 00:00 0 
7f6734000000-7f6734021000 rw-p 00000000 00:00 0 
7f6734021000-7f6738000000 ---p 00000000 00:00 0 
7f6738000000-7f673873f000 rw-p 00000000 00:00 0 
7f673873f000-7f673c000000 ---p 00000000 00:00 0 
7f673c000000-7f673c021000 rw-p 00000000 00:00 0 
7f673c021000-7f6740000000 ---p 00000000 00:00 0 
7f6740000000-7f6740021000 rw-p 00000000 00:00 0 
7f6740021000-7f6744000000 ---p 00000000 00:00 0 
7f67440ae000-7f67440b2000 ---p 00000000 00:00 0 
7f67440b2000-7f67441af000 rw-p 00000000 00:00 0 
7f67441af000-7f67441b3000 ---p 00000000 00:00 0 
7f67441b3000-7f67442b0000 rw-p 00000000 00:00 0 
7f67442b0000-7f67442b4000 ---p 00000000 00:00 0 
7f67442b4000-7f67445b1000 rw-p 00000000 00:00 0 
7f67445b1000-7f67445b5000 ---p 00000000 00:00 0 
7f67445b5000-7f67448b2000 rw-p 00000000 00:00 0 
7f67448b2000-7f67448b6000 ---p 00000000 00:00 0 
7f67448b6000-7f6744bb3000 rw-p 00000000 00:00 0 
7f6744bb3000-7f6744db3000 rw-p 00000000 00:00 0 
7f6744db3000-7f6744fb3000 rw-p 00000000 00:00 0 
7f6744fb3000-7f67451b2000 rw-p 00000000 00:00 0 
7f67451b2000-7f67451b3000 ---p 00000000 00:00 0 
7f67451b3000-7f67453b3000 rw-p 00000000 00:00 0 
7f67453b3000-7f67453b7000 ---p 00000000 00:00 0 
7f67453b7000-7f67456b4000 rw-p 00000000 00:00 0 
7f67456b4000-7f67458b4000 rw-p 00000000 00:00 0 
7f67458b4000-7f67458b5000 ---p 00000000 00:00 0 
7f67458b5000-7f6745bb6000 rw-p 00000000 00:00 0 
7f6745bb6000-7f6745bba000 ---p 00000000 00:00 0 
7f6745bba000-7f6745cb7000 rw-p 00000000 00:00 0 
7f6745cb7000-7f6745cbb000 ---p 00000000 00:00 0 
7f6745cbb000-7f6745db8000 rw-p 00000000 00:00 0 
7f6745db8000-7f6745dbc000 ---p 00000000 00:00 0 
7f6745dbc000-7f6745eb9000 rw-p 00000000 00:00 0 
7f6745eb9000-7f6745eba000 ---p 00000000 00:00 0 
7f6745eba000-7f6745fbb000 rw-p 00000000 00:00 0 
7f6745fbb000-7f6745fbc000 ---p 00000000 00:00 0 
7f6745fbc000-7f67460bd000 rw-p 00000000 00:00 0 
7f67460bd000-7f67460be000 ---p 00000000 00:00 0 
7f67460be000-7f67461bf000 rw-p 00000000 00:00 0 
7f67461bf000-7f67461c0000 ---p 00000000 00:00 0 
7f67461c0000-7f67462c1000 rw-p 00000000 00:00 0 
7f67462c1000-7f67462c5000 ---p 00000000 00:00 0 
7f67462c5000-7f67463c2000 rw-p 00000000 00:00 0 
7f67463c2000-7f67463c6000 ---p 00000000 00:00 0 
7f67463c6000-7f67464c3000 rw-p 00000000 00:00 0 
7f67464c3000-7f67464c7000 ---p 00000000 00:00 0 
7f67464c7000-7f67465c4000 rw-p 00000000 00:00 0 
7f67465c4000-7f67465c6000 r-xp 00000000 08:02 3421248                    /usr/lib/jvm/java-11-openjdk-amd64/lib/libextnet.so
7f67465c6000-7f67467c5000 ---p 00002000 08:02 3421248                    /usr/lib/jvm/java-11-openjdk-amd64/lib/libextnet.so
7f67467c5000-7f67467c6000 r--p 00001000 08:02 3421248                    /usr/lib/jvm/java-11-openjdk-amd64/lib/libextnet.so
7f67467c6000-7f67467c7000 rw-p 00002000 08:02 3421248                    /usr/lib/jvm/java-11-openjdk-amd64/lib/libextnet.so
7f67467c7000-7f67467cc000 r-xp 00000000 08:02 3421265                    /usr/lib/jvm/java-11-openjdk-amd64/lib/libmanagement_ext.so
7f67467cc000-7f67469cb000 ---p 00005000 08:02 3421265                    /usr/lib/jvm/java-11-openjdk-amd64/lib/libmanagement_ext.so
7f67469cb000-7f67469cc000 r--p 00004000 08:02 3421265                    /usr/lib/jvm/java-11-openjdk-amd64/lib/libmanagement_ext.so
7f67469cc000-7f67469cd000 rw-p 00005000 08:02 3421265                    /usr/lib/jvm/java-11-openjdk-amd64/lib/libmanagement_ext.so
7f67469cd000-7f67469d1000 r-xp 00000000 08:02 3421263                    /usr/lib/jvm/java-11-openjdk-amd64/lib/libmanagement.so
7f67469d1000-7f6746bd0000 ---p 00004000 08:02 3421263                    /usr/lib/jvm/java-11-openjdk-amd64/lib/libmanagement.so
7f6746bd0000-7f6746bd1000 r--p 00003000 08:02 3421263                    /usr/lib/jvm/java-11-openjdk-amd64/lib/libmanagement.so
7f6746bd1000-7f6746bd2000 rw-p 00004000 08:02 3421263                    /usr/lib/jvm/java-11-openjdk-amd64/lib/libmanagement.so
7f6746bd2000-7f6746c03000 rw-p 00000000 00:00 0 
7f6746c03000-7f6746c19000 r-xp 00000000 08:02 3421267                    /usr/lib/jvm/java-11-openjdk-amd64/lib/libnet.so
7f6746c19000-7f6746e18000 ---p 00016000 08:02 3421267                    /usr/lib/jvm/java-11-openjdk-amd64/lib/libnet.so
7f6746e18000-7f6746e19000 r--p 00015000 08:02 3421267                    /usr/lib/jvm/java-11-openjdk-amd64/lib/libnet.so
7f6746e19000-7f6746e1a000 rw-p 00016000 08:02 3421267                    /usr/lib/jvm/java-11-openjdk-amd64/lib/libnet.so
7f6746e1a000-7f6746e2a000 r-xp 00000000 08:02 3421268                    /usr/lib/jvm/java-11-openjdk-amd64/lib/libnio.so
7f6746e2a000-7f6747029000 ---p 00010000 08:02 3421268                    /usr/lib/jvm/java-11-openjdk-amd64/lib/libnio.so
7f6747029000-7f674702a000 r--p 0000f000 08:02 3421268                    /usr/lib/jvm/java-11-openjdk-amd64/lib/libnio.so
7f674702a000-7f674702b000 rw-p 00010000 08:02 3421268                    /usr/lib/jvm/java-11-openjdk-amd64/lib/libnio.so
7f674702b000-7f674702f000 ---p 00000000 00:00 0 
7f674702f000-7f674712c000 rw-p 00000000 00:00 0 
7f674712c000-7f6747130000 ---p 00000000 00:00 0 
7f6747130000-7f674722d000 rw-p 00000000 00:00 0 
7f674722d000-7f6747231000 ---p 00000000 00:00 0 
7f6747231000-7f674732e000 rw-p 00000000 00:00 0 
7f674732e000-7f6747332000 ---p 00000000 00:00 0 
7f6747332000-7f674742f000 rw-p 00000000 00:00 0 
7f674742f000-7f6747433000 ---p 00000000 00:00 0 
7f6747433000-7f6747530000 rw-p 00000000 00:00 0 
7f6747530000-7f6747eff000 r--p 00000000 08:02 3283621                    /usr/lib/locale/locale-archive
7f6747eff000-7f6747f03000 ---p 00000000 00:00 0 
7f6747f03000-7f6748000000 rw-p 00000000 00:00 0 
7f6748000000-7f6748047000 rw-p 00000000 00:00 0 
7f6748047000-7f674c000000 ---p 00000000 00:00 0 
7f674c000000-7f674cc4b000 rw-p 00000000 00:00 0 
7f674cc4b000-7f6750000000 ---p 00000000 00:00 0 
7f6750000000-7f675002c000 rw-p 00000000 00:00 0 
7f675002c000-7f6754000000 ---p 00000000 00:00 0 
7f6754000000-7f6754021000 rw-p 00000000 00:00 0 
7f6754021000-7f6758000000 ---p 00000000 00:00 0 
7f6758000000-7f6758038000 rw-p 00000000 00:00 0 
7f6758038000-7f675c000000 ---p 00000000 00:00 0 
7f675c02b000-7f675c02f000 ---p 00000000 00:00 0 
7f675c02f000-7f675c12c000 rw-p 00000000 00:00 0 
7f675c12c000-7f675c12d000 ---p 00000000 00:00 0 
7f675c12d000-7f675caaf000 rw-p 00000000 00:00 0 
7f675caaf000-7f675cab0000 ---p 00000000 00:00 0 
7f675cab0000-7f675cbb1000 rw-p 00000000 00:00 0 
7f675cbb1000-7f675cbb2000 ---p 00000000 00:00 0 
7f675cbb2000-7f675f0b7000 rw-p 00000000 00:00 0 
7f675f0b7000-7f675f0b8000 ---p 00000000 00:00 0 
7f675f0b8000-7f675f1b9000 rw-p 00000000 00:00 0 
7f675f1b9000-7f675f1ba000 ---p 00000000 00:00 0 
7f675f1ba000-7f675f4f3000 rw-p 00000000 00:00 0 
7f675f4f3000-7f676118b000 ---p 00000000 00:00 0 
7f676118b000-7f67613cb000 rw-p 00000000 00:00 0 
7f67613cb000-7f6763063000 ---p 00000000 00:00 0 
7f6763063000-7f67630b2000 rw-p 00000000 00:00 0 
7f67630b2000-7f6763445000 ---p 00000000 00:00 0 
7f6763445000-7f676348d000 rw-p 00000000 00:00 0 
7f676348d000-7f6763820000 ---p 00000000 00:00 0 
7f6763820000-7f6763868000 rw-p 00000000 00:00 0 
7f6763868000-7f6763bfb000 ---p 00000000 00:00 0 
7f6763bfb000-7f6764000000 rw-p 00000000 00:00 0 
7f6764000000-7f6764077000 rw-p 00000000 00:00 0 
7f6764077000-7f6768000000 ---p 00000000 00:00 0 
7f676802e000-7f6768089000 rw-p 00000000 00:00 0 
7f6768089000-7f676808a000 ---p 00000000 00:00 0 
7f676808a000-7f67681b6000 rw-p 00000000 00:00 0 
7f67681b6000-7f676835e000 ---p 00000000 00:00 0 
7f676835e000-7f67685ce000 rwxp 00000000 00:00 0 
7f67685ce000-7f6768a05000 ---p 00000000 00:00 0 
7f6768a05000-7f6769f85000 rwxp 00000000 00:00 0 
7f6769f85000-7f677735e000 ---p 00000000 00:00 0 
7f677735e000-7f677f9e0000 r--s 00000000 08:02 3421277                    /usr/lib/jvm/java-11-openjdk-amd64/lib/modules
7f677f9e0000-7f677f9e5000 r-xp 00000000 08:02 3421259                    /usr/lib/jvm/java-11-openjdk-amd64/lib/libjimage.so
7f677f9e5000-7f677fbe4000 ---p 00005000 08:02 3421259                    /usr/lib/jvm/java-11-openjdk-amd64/lib/libjimage.so
7f677fbe4000-7f677fbe5000 r--p 00004000 08:02 3421259                    /usr/lib/jvm/java-11-openjdk-amd64/lib/libjimage.so
7f677fbe5000-7f677fbe6000 rw-p 00005000 08:02 3421259                    /usr/lib/jvm/java-11-openjdk-amd64/lib/libjimage.so
7f677fbe6000-7f677fbed000 r-xp 00000000 08:02 3421276                    /usr/lib/jvm/java-11-openjdk-amd64/lib/libzip.so
7f677fbed000-7f677fdec000 ---p 00007000 08:02 3421276                    /usr/lib/jvm/java-11-openjdk-amd64/lib/libzip.so
7f677fdec000-7f677fded000 r--p 00006000 08:02 3421276                    /usr/lib/jvm/java-11-openjdk-amd64/lib/libzip.so
7f677fded000-7f677fdee000 rw-p 00007000 08:02 3421276                    /usr/lib/jvm/java-11-openjdk-amd64/lib/libzip.so
7f677fdee000-7f677fdf9000 r-xp 00000000 08:02 7082738                    /lib/x86_64-linux-gnu/libnss_files-2.27.so
7f677fdf9000-7f677fff8000 ---p 0000b000 08:02 7082738                    /lib/x86_64-linux-gnu/libnss_files-2.27.so
7f677fff8000-7f677fff9000 r--p 0000a000 08:02 7082738                    /lib/x86_64-linux-gnu/libnss_files-2.27.so
7f677fff9000-7f677fffa000 rw-p 0000b000 08:02 7082738                    /lib/x86_64-linux-gnu/libnss_files-2.27.so
7f677fffa000-7f6780000000 rw-p 00000000 00:00 0 
7f6780000000-7f6780827000 rw-p 00000000 00:00 0 
7f6780827000-7f6784000000 ---p 00000000 00:00 0 
7f6784022000-7f6784039000 r-xp 00000000 08:02 7082732                    /lib/x86_64-linux-gnu/libnsl-2.27.so
7f6784039000-7f6784238000 ---p 00017000 08:02 7082732                    /lib/x86_64-linux-gnu/libnsl-2.27.so
7f6784238000-7f6784239000 r--p 00016000 08:02 7082732                    /lib/x86_64-linux-gnu/libnsl-2.27.so
7f6784239000-7f678423a000 rw-p 00017000 08:02 7082732                    /lib/x86_64-linux-gnu/libnsl-2.27.so
7f678423a000-7f678423c000 rw-p 00000000 00:00 0 
7f678423c000-7f6784247000 r-xp 00000000 08:02 7082749                    /lib/x86_64-linux-gnu/libnss_nis-2.27.so
7f6784247000-7f6784446000 ---p 0000b000 08:02 7082749                    /lib/x86_64-linux-gnu/libnss_nis-2.27.so
7f6784446000-7f6784447000 r--p 0000a000 08:02 7082749                    /lib/x86_64-linux-gnu/libnss_nis-2.27.so
7f6784447000-7f6784448000 rw-p 0000b000 08:02 7082749                    /lib/x86_64-linux-gnu/libnss_nis-2.27.so
7f6784448000-7f6784450000 r-xp 00000000 08:02 7082734                    /lib/x86_64-linux-gnu/libnss_compat-2.27.so
7f6784450000-7f6784650000 ---p 00008000 08:02 7082734                    /lib/x86_64-linux-gnu/libnss_compat-2.27.so
7f6784650000-7f6784651000 r--p 00008000 08:02 7082734                    /lib/x86_64-linux-gnu/libnss_compat-2.27.so
7f6784651000-7f6784652000 rw-p 00009000 08:02 7082734                    /lib/x86_64-linux-gnu/libnss_compat-2.27.so
7f6784652000-7f678467b000 r-xp 00000000 08:02 3421255                    /usr/lib/jvm/java-11-openjdk-amd64/lib/libjava.so
7f678467b000-7f678487a000 ---p 00029000 08:02 3421255                    /usr/lib/jvm/java-11-openjdk-amd64/lib/libjava.so
7f678487a000-7f678487b000 r--p 00028000 08:02 3421255                    /usr/lib/jvm/java-11-openjdk-amd64/lib/libjava.so
7f678487b000-7f678487d000 rw-p 00029000 08:02 3421255                    /usr/lib/jvm/java-11-openjdk-amd64/lib/libjava.so
7f678487d000-7f678488a000 r-xp 00000000 08:02 3421275                    /usr/lib/jvm/java-11-openjdk-amd64/lib/libverify.so
7f678488a000-7f6784a89000 ---p 0000d000 08:02 3421275                    /usr/lib/jvm/java-11-openjdk-amd64/lib/libverify.so
7f6784a89000-7f6784a8b000 r--p 0000c000 08:02 3421275                    /usr/lib/jvm/java-11-openjdk-amd64/lib/libverify.so
7f6784a8b000-7f6784a8c000 rw-p 0000e000 08:02 3421275                    /usr/lib/jvm/java-11-openjdk-amd64/lib/libverify.so
7f6784a8c000-7f6784a93000 r-xp 00000000 08:02 7082789                    /lib/x86_64-linux-gnu/librt-2.27.so
7f6784a93000-7f6784c92000 ---p 00007000 08:02 7082789                    /lib/x86_64-linux-gnu/librt-2.27.so
7f6784c92000-7f6784c93000 r--p 00006000 08:02 7082789                    /lib/x86_64-linux-gnu/librt-2.27.so
7f6784c93000-7f6784c94000 rw-p 00007000 08:02 7082789                    /lib/x86_64-linux-gnu/librt-2.27.so
7f6784c94000-7f6784cab000 r-xp 00000000 08:02 7078121                    /lib/x86_64-linux-gnu/libgcc_s.so.1
7f6784cab000-7f6784eaa000 ---p 00017000 08:02 7078121                    /lib/x86_64-linux-gnu/libgcc_s.so.1
7f6784eaa000-7f6784eab000 r--p 00016000 08:02 7078121                    /lib/x86_64-linux-gnu/libgcc_s.so.1
7f6784eab000-7f6784eac000 rw-p 00017000 08:02 7078121                    /lib/x86_64-linux-gnu/libgcc_s.so.1
7f6784eac000-7f6785049000 r-xp 00000000 08:02 7082711                    /lib/x86_64-linux-gnu/libm-2.27.so
7f6785049000-7f6785248000 ---p 0019d000 08:02 7082711                    /lib/x86_64-linux-gnu/libm-2.27.so
7f6785248000-7f6785249000 r--p 0019c000 08:02 7082711                    /lib/x86_64-linux-gnu/libm-2.27.so
7f6785249000-7f678524a000 rw-p 0019d000 08:02 7082711                    /lib/x86_64-linux-gnu/libm-2.27.so
7f678524a000-7f67853c3000 r-xp 00000000 08:02 3277950                    /usr/lib/x86_64-linux-gnu/libstdc++.so.6.0.25
7f67853c3000-7f67855c3000 ---p 00179000 08:02 3277950                    /usr/lib/x86_64-linux-gnu/libstdc++.so.6.0.25
7f67855c3000-7f67855cd000 r--p 00179000 08:02 3277950                    /usr/lib/x86_64-linux-gnu/libstdc++.so.6.0.25
7f67855cd000-7f67855cf000 rw-p 00183000 08:02 3277950                    /usr/lib/x86_64-linux-gnu/libstdc++.so.6.0.25
7f67855cf000-7f67855d3000 rw-p 00000000 00:00 0 
7f67855d3000-7f678669b000 r-xp 00000000 08:02 3421280                    /usr/lib/jvm/java-11-openjdk-amd64/lib/server/libjvm.so
7f678669b000-7f678689b000 ---p 010c8000 08:02 3421280                    /usr/lib/jvm/java-11-openjdk-amd64/lib/server/libjvm.so
7f678689b000-7f6786958000 r--p 010c8000 08:02 3421280                    /usr/lib/jvm/java-11-openjdk-amd64/lib/server/libjvm.so
7f6786958000-7f6786991000 rw-p 01185000 08:02 3421280                    /usr/lib/jvm/java-11-openjdk-amd64/lib/server/libjvm.so
7f6786991000-7f67869e7000 rw-p 00000000 00:00 0 
7f67869e7000-7f6786a01000 r-xp 00000000 08:02 7082781                    /lib/x86_64-linux-gnu/libpthread-2.27.so
7f6786a01000-7f6786c00000 ---p 0001a000 08:02 7082781                    /lib/x86_64-linux-gnu/libpthread-2.27.so
7f6786c00000-7f6786c01000 r--p 00019000 08:02 7082781                    /lib/x86_64-linux-gnu/libpthread-2.27.so
7f6786c01000-7f6786c02000 rw-p 0001a000 08:02 7082781                    /lib/x86_64-linux-gnu/libpthread-2.27.so
7f6786c02000-7f6786c06000 rw-p 00000000 00:00 0 
7f6786c06000-7f6786c09000 r-xp 00000000 08:02 7082671                    /lib/x86_64-linux-gnu/libdl-2.27.so
7f6786c09000-7f6786e08000 ---p 00003000 08:02 7082671                    /lib/x86_64-linux-gnu/libdl-2.27.so
7f6786e08000-7f6786e09000 r--p 00002000 08:02 7082671                    /lib/x86_64-linux-gnu/libdl-2.27.so
7f6786e09000-7f6786e0a000 rw-p 00003000 08:02 7082671                    /lib/x86_64-linux-gnu/libdl-2.27.so
7f6786e0a000-7f6786e26000 r-xp 00000000 08:02 7082820                    /lib/x86_64-linux-gnu/libz.so.1.2.11
7f6786e26000-7f6787025000 ---p 0001c000 08:02 7082820                    /lib/x86_64-linux-gnu/libz.so.1.2.11
7f6787025000-7f6787026000 r--p 0001b000 08:02 7082820                    /lib/x86_64-linux-gnu/libz.so.1.2.11
7f6787026000-7f6787027000 rw-p 0001c000 08:02 7082820                    /lib/x86_64-linux-gnu/libz.so.1.2.11
7f6787027000-7f678720e000 r-xp 00000000 08:02 7082648                    /lib/x86_64-linux-gnu/libc-2.27.so
7f678720e000-7f678740e000 ---p 001e7000 08:02 7082648                    /lib/x86_64-linux-gnu/libc-2.27.so
7f678740e000-7f6787412000 r--p 001e7000 08:02 7082648                    /lib/x86_64-linux-gnu/libc-2.27.so
7f6787412000-7f6787414000 rw-p 001eb000 08:02 7082648                    /lib/x86_64-linux-gnu/libc-2.27.so
7f6787414000-7f6787418000 rw-p 00000000 00:00 0 
7f6787418000-7f6787427000 r-xp 00000000 08:02 3421240                    /usr/lib/jvm/java-11-openjdk-amd64/lib/jli/libjli.so
7f6787427000-7f6787627000 ---p 0000f000 08:02 3421240                    /usr/lib/jvm/java-11-openjdk-amd64/lib/jli/libjli.so
7f6787627000-7f6787628000 r--p 0000f000 08:02 3421240                    /usr/lib/jvm/java-11-openjdk-amd64/lib/jli/libjli.so
7f6787628000-7f6787629000 rw-p 00010000 08:02 3421240                    /usr/lib/jvm/java-11-openjdk-amd64/lib/jli/libjli.so
7f6787629000-7f6787650000 r-xp 00000000 08:02 7082620                    /lib/x86_64-linux-gnu/ld-2.27.so
7f678767d000-7f678772e000 rw-p 00000000 00:00 0 
7f678772e000-7f6787737000 ---p 00000000 00:00 0 
7f6787737000-7f678773b000 ---p 00000000 00:00 0 
7f678773b000-7f678783a000 rw-p 00000000 00:00 0 
7f6787844000-7f678784c000 rw-s 00000000 08:02 8391815                    /tmp/hsperfdata_rajan/2346
7f678784c000-7f678784d000 ---p 00000000 00:00 0 
7f678784d000-7f678784e000 r--p 00000000 00:00 0 
7f678784e000-7f6787850000 rw-p 00000000 00:00 0 
7f6787850000-7f6787851000 r--p 00027000 08:02 7082620                    /lib/x86_64-linux-gnu/ld-2.27.so
7f6787851000-7f6787852000 rw-p 00028000 08:02 7082620                    /lib/x86_64-linux-gnu/ld-2.27.so
7f6787852000-7f6787853000 rw-p 00000000 00:00 0 
7ffeb62da000-7ffeb62fd000 rw-p 00000000 00:00 0                          [stack]
7ffeb6353000-7ffeb6356000 r--p 00000000 00:00 0                          [vvar]
7ffeb6356000-7ffeb6358000 r-xp 00000000 00:00 0                          [vdso]
ffffffffff600000-ffffffffff601000 r-xp 00000000 00:00 0                  [vsyscall]


VM Arguments:
jvm_args: -Dcom.sun.management.jmxremote -Dcom.sun.management.jmxremote.port=45449 -Dcom.sun.management.jmxremote.authenticate=false -Dcom.sun.management.jmxremote.ssl=false -Djava.rmi.server.hostname=localhost -Dspring.liveBeansView.mbeanDomain -Dspring.application.admin.enabled=true -Djava.security.egd=file:/dev/./urandom -Xverify:none -XX:TieredStopAtLevel=1 -Dfile.encoding=UTF-8 
java_command: com.application.Infibeam.InfibeamApplication
java_class_path (initial): /home/rajan/Downloads/Infibeam/target/classes:/home/rajan/.m2/repository/org/springframework/boot/spring-boot-starter-data-jpa/2.1.5.RELEASE/spring-boot-starter-data-jpa-2.1.5.RELEASE.jar:/home/rajan/.m2/repository/org/springframework/boot/spring-boot-starter-aop/2.1.5.RELEASE/spring-boot-starter-aop-2.1.5.RELEASE.jar:/home/rajan/.m2/repository/org/springframework/spring-aop/5.1.7.RELEASE/spring-aop-5.1.7.RELEASE.jar:/home/rajan/.m2/repository/org/aspectj/aspectjweaver/1.9.4/aspectjweaver-1.9.4.jar:/home/rajan/.m2/repository/org/springframework/boot/spring-boot-starter-jdbc/2.1.5.RELEASE/spring-boot-starter-jdbc-2.1.5.RELEASE.jar:/home/rajan/.m2/repository/com/zaxxer/HikariCP/3.2.0/HikariCP-3.2.0.jar:/home/rajan/.m2/repository/org/springframework/spring-jdbc/5.1.7.RELEASE/spring-jdbc-5.1.7.RELEASE.jar:/home/rajan/.m2/repository/javax/transaction/javax.transaction-api/1.3/javax.transaction-api-1.3.jar:/home/rajan/.m2/repository/javax/xml/bind/jaxb-api/2.3.1/jaxb-api-2.3.1.jar:/home/rajan/.m2/repository/javax/activation/javax.activation-api/1.2.0/javax.activation-api-1.2.0.jar:/home/rajan/.m2/repository/org/hibernate/hibernate-core/5.3.10.Final/hibernate-core-5.3.10.Final.jar:/home/rajan/.m2/repository/org/jboss/logging/jboss-logging/3.3.2.Final/jboss-logging-3.3.2.Final.jar:/home/rajan/.m2/repository/javax/persistence/javax.persistence-api/2.2/javax.persistence-api-2.2.jar:/home/rajan/.m2/repository/org/javassist/javassist/3.23.2-GA/javassist-3.23.2-GA.jar:/home/rajan/.m2/repository/net/bytebuddy/byte-buddy/1.9.12/byte-buddy-1.9.12.jar:/home/rajan/.m2/repository/antlr/antlr/2.7.7/antlr-2.7.7.jar:/home/rajan/.m2/repository/org/jboss/jandex/2.0.5.Final/jandex-2.0.5.Final.jar:/home/rajan/.m2/repository/com/fasterxml/classmate/1.4.0/classmate-1.4.0.jar:/home/rajan/.m2/repository/org/dom4j/dom4j/2.1.1/dom4j-2.1.1.jar:/home/rajan/.m2/repository/org/hibernate/common/hibernate-commons-annotations/5.0.4.Final/hibernate-commons-annotations-5.0.4.Fi
Launcher Type: SUN_STANDARD

[Global flags]
     bool BytecodeVerificationLocal                = false                                     {product} {command line}
     bool BytecodeVerificationRemote               = false                                     {product} {command line}
     intx CICompilerCount                          = 3                                         {product} {ergonomic}
     uint ConcGCThreads                            = 1                                         {product} {ergonomic}
     uint G1ConcRefinementThreads                  = 4                                         {product} {ergonomic}
   size_t G1HeapRegionSize                         = 1048576                                   {product} {ergonomic}
    uintx GCDrainStackTargetSize                   = 64                                        {product} {ergonomic}
   size_t InitialHeapSize                          = 130023424                                 {product} {ergonomic}
     bool ManagementServer                         = true                                      {product} {command line}
   size_t MarkStackSize                            = 4194304                                   {product} {ergonomic}
   size_t MaxHeapSize                              = 2069889024                                {product} {ergonomic}
   size_t MaxNewSize                               = 1241513984                                {product} {ergonomic}
   size_t MinHeapDeltaBytes                        = 1048576                                   {product} {ergonomic}
    uintx NonNMethodCodeHeapSize                   = 6973028                                {pd product} {ergonomic}
    uintx NonProfiledCodeHeapSize                  = 244685212                              {pd product} {ergonomic}
    uintx ProfiledCodeHeapSize                     = 0                                      {pd product} {ergonomic}
    uintx ReservedCodeCacheSize                    = 251658240                              {pd product} {ergonomic}
     bool SegmentedCodeCache                       = true                                      {product} {ergonomic}
     intx TieredStopAtLevel                        = 1                                         {product} {command line}
     bool UseCompressedClassPointers               = true                                 {lp64_product} {ergonomic}
     bool UseCompressedOops                        = true                                 {lp64_product} {ergonomic}
     bool UseG1GC                                  = true                                      {product} {ergonomic}

Logging:
Log output configuration:
 #0:                                                                                                                                                                                                                                                                                                                                                                                                                                                                                                                                                                                                                                                                                                                                                                                                                                                                                                                                                                                                                                                                                                                                                                                                                                                                                                                                                                                                                                                                                                                                                                                                                                                                                                                                                                                                                                                                                                                                                                                                                                                           